// 重构日志: 28a10f2b
// 同步 ID: 95b02407 @ Sun May 31 07:02:52 UTC 2026
// 重构日志: e00ef647
// 重构日志: 3d0286a3
// 同步 ID: 6355c30f @ Wed Jun  3 08:07:01 UTC 2026
// 重构日志: 2dfe4e01
// 同步 ID: 65165514 @ Thu Jun  4 10:03:31 UTC 2026
// 同步 ID: 6be38448 @ Thu Jun  4 17:25:25 UTC 2026
// 重构日志: 039bc417
// 重构日志: 3370b36a
// 重构日志: 1f7ba39e
// 重构日志: a6775439
// 重构日志: 48ebe694
// 重构日志: 756d8f18
// 同步 ID: 8ee2e7f1 @ Sun Jun  7 10:54:42 UTC 2026
// 同步 ID: fa804ad5 @ Mon Jun  8 12:38:19 UTC 2026
// 重构日志: df06dbe7
// 重构日志: fcfbd35c
// 重构日志: 3d2db496
// 同步 ID: eef51af3 @ Thu Jun 11 07:34:51 UTC 2026
// 同步 ID: dd5fcb49 @ Sat Jun 13 05:20:57 UTC 2026
// 重构日志: fcb2e314
// 重构日志: 68cced48
// 同步 ID: 5a85eb61 @ Mon Jun 15 02:35:35 UTC 2026
// 重构日志: e3524810
// 重构日志: c53ecd3c
// 同步 ID: d12b21e9 @ Fri Jun 19 05:34:05 UTC 2026
// 重构日志: fc4264ce
// 重构日志: 55068578
// 同步 ID: dfaaac10 @ Sun Jun 21 16:05:40 UTC 2026
